mode: set
sirclo/delivery/controllers/category/category.go:16.62,20.2 1 1
sirclo/delivery/controllers/category/category.go:22.63,23.36 1 1
sirclo/delivery/controllers/category/category.go:23.36,27.3 2 1
sirclo/delivery/controllers/category/category.go:30.61,31.36 1 1
sirclo/delivery/controllers/category/category.go:31.36,33.17 2 1
sirclo/delivery/controllers/category/category.go:36.3,38.17 2 1
sirclo/delivery/controllers/category/category.go:42.3,42.39 1 1
sirclo/delivery/controllers/category/category.go:33.17,35.4 1 1
sirclo/delivery/controllers/category/category.go:38.17,40.4 1 1
sirclo/delivery/controllers/auth/auth.go:17.46,21.2 1 1
sirclo/delivery/controllers/auth/auth.go:23.50,24.36 1 1
sirclo/delivery/controllers/auth/auth.go:24.36,27.47 2 1
sirclo/delivery/controllers/auth/auth.go:31.3,32.23 2 1
sirclo/delivery/controllers/auth/auth.go:36.3,37.23 2 1
sirclo/delivery/controllers/auth/auth.go:41.3,42.17 2 1
sirclo/delivery/controllers/auth/auth.go:46.3,46.46 1 1
sirclo/delivery/controllers/auth/auth.go:27.47,29.4 1 1
sirclo/delivery/controllers/auth/auth.go:32.23,34.4 1 1
sirclo/delivery/controllers/auth/auth.go:37.23,39.4 1 1
sirclo/delivery/controllers/auth/auth.go:42.17,44.4 1 1
sirclo/delivery/controllers/auth/auth.go:50.53,51.36 1 1
sirclo/delivery/controllers/auth/auth.go:51.36,54.46 2 1
sirclo/delivery/controllers/auth/auth.go:58.3,67.23 4 1
sirclo/delivery/controllers/auth/auth.go:71.3,71.81 1 1
sirclo/delivery/controllers/auth/auth.go:54.46,56.4 1 1
sirclo/delivery/controllers/auth/auth.go:67.23,69.4 1 1
sirclo/delivery/controllers/product/product.go:18.58,22.2 1 1
sirclo/delivery/controllers/product/product.go:24.60,25.36 1 1
sirclo/delivery/controllers/product/product.go:25.36,28.36 3 1
sirclo/delivery/controllers/product/product.go:33.3,33.37 1 1
sirclo/delivery/controllers/product/product.go:28.36,31.4 2 1
sirclo/delivery/controllers/product/product.go:37.59,38.36 1 1
sirclo/delivery/controllers/product/product.go:38.36,40.17 2 1
sirclo/delivery/controllers/product/product.go:43.3,44.17 2 1
sirclo/delivery/controllers/product/product.go:48.3,48.74 1 1
sirclo/delivery/controllers/product/product.go:40.17,42.4 1 1
sirclo/delivery/controllers/product/product.go:44.17,46.4 1 1
sirclo/delivery/controllers/product/product.go:52.75,53.36 1 1
sirclo/delivery/controllers/product/product.go:53.36,56.19 2 1
sirclo/delivery/controllers/product/product.go:60.3,61.59 2 1
sirclo/delivery/controllers/product/product.go:65.3,74.24 9 1
sirclo/delivery/controllers/product/product.go:78.3,78.90 1 1
sirclo/delivery/controllers/product/product.go:56.19,58.4 1 1
sirclo/delivery/controllers/product/product.go:61.59,63.4 1 1
sirclo/delivery/controllers/product/product.go:74.24,76.4 1 1
sirclo/delivery/controllers/product/product.go:82.73,83.36 1 1
sirclo/delivery/controllers/product/product.go:83.36,86.19 2 1
sirclo/delivery/controllers/product/product.go:90.3,91.17 2 1
sirclo/delivery/controllers/product/product.go:95.3,96.17 2 1
sirclo/delivery/controllers/product/product.go:100.3,100.36 1 1
sirclo/delivery/controllers/product/product.go:104.3,105.59 2 1
sirclo/delivery/controllers/product/product.go:109.3,117.22 8 1
sirclo/delivery/controllers/product/product.go:121.3,121.90 1 1
sirclo/delivery/controllers/product/product.go:86.19,88.4 1 1
sirclo/delivery/controllers/product/product.go:91.17,93.4 1 1
sirclo/delivery/controllers/product/product.go:96.17,98.4 1 1
sirclo/delivery/controllers/product/product.go:100.36,102.4 1 1
sirclo/delivery/controllers/product/product.go:105.59,107.4 1 1
sirclo/delivery/controllers/product/product.go:117.22,119.4 1 1
sirclo/delivery/controllers/product/product.go:125.75,126.36 1 1
sirclo/delivery/controllers/product/product.go:126.36,129.19 2 1
sirclo/delivery/controllers/product/product.go:133.3,134.17 2 1
sirclo/delivery/controllers/product/product.go:138.3,139.17 2 1
sirclo/delivery/controllers/product/product.go:143.3,143.32 1 1
sirclo/delivery/controllers/product/product.go:147.3,149.22 2 1
sirclo/delivery/controllers/product/product.go:153.3,153.86 1 1
sirclo/delivery/controllers/product/product.go:129.19,131.4 1 1
sirclo/delivery/controllers/product/product.go:134.17,136.4 1 1
sirclo/delivery/controllers/product/product.go:139.17,141.4 1 1
sirclo/delivery/controllers/product/product.go:143.32,145.4 1 1
sirclo/delivery/controllers/product/product.go:149.22,151.4 1 1
sirclo/delivery/controllers/order/order.go:20.50,24.2 1 1
sirclo/delivery/controllers/order/order.go:26.69,27.36 1 1
sirclo/delivery/controllers/order/order.go:27.36,30.19 2 1
sirclo/delivery/controllers/order/order.go:34.3,35.17 2 1
sirclo/delivery/controllers/order/order.go:39.3,42.30 3 1
sirclo/delivery/controllers/order/order.go:72.3,72.38 1 1
sirclo/delivery/controllers/order/order.go:30.19,32.4 1 1
sirclo/delivery/controllers/order/order.go:35.17,37.4 1 1
sirclo/delivery/controllers/order/order.go:42.30,46.19 4 1
sirclo/delivery/controllers/order/order.go:49.4,52.19 4 1
sirclo/delivery/controllers/order/order.go:56.4,57.25 2 1
sirclo/delivery/controllers/order/order.go:61.4,70.31 2 1
sirclo/delivery/controllers/order/order.go:46.19,48.5 1 1
sirclo/delivery/controllers/order/order.go:52.19,54.5 1 1
sirclo/delivery/controllers/order/order.go:57.25,59.5 1 1
sirclo/delivery/controllers/order/order.go:76.68,77.36 1 1
sirclo/delivery/controllers/order/order.go:77.36,80.19 2 1
sirclo/delivery/controllers/order/order.go:85.3,86.17 2 1
sirclo/delivery/controllers/order/order.go:91.3,93.24 2 1
sirclo/delivery/controllers/order/order.go:96.3,98.17 2 1
sirclo/delivery/controllers/order/order.go:101.3,104.18 4 1
sirclo/delivery/controllers/order/order.go:107.3,110.18 4 1
sirclo/delivery/controllers/order/order.go:114.3,115.24 2 1
sirclo/delivery/controllers/order/order.go:118.3,128.38 2 1
sirclo/delivery/controllers/order/order.go:80.19,82.4 1 1
sirclo/delivery/controllers/order/order.go:86.17,88.4 1 1
sirclo/delivery/controllers/order/order.go:93.24,95.4 1 1
sirclo/delivery/controllers/order/order.go:98.17,100.4 1 1
sirclo/delivery/controllers/order/order.go:104.18,106.4 1 1
sirclo/delivery/controllers/order/order.go:110.18,112.4 1 1
sirclo/delivery/controllers/order/order.go:115.24,117.4 1 1
sirclo/delivery/controllers/order/order.go:132.71,133.36 1 1
sirclo/delivery/controllers/order/order.go:133.36,136.19 2 1
sirclo/delivery/controllers/order/order.go:139.3,140.47 2 1
sirclo/delivery/controllers/order/order.go:145.3,146.24 2 1
sirclo/delivery/controllers/order/order.go:149.3,161.23 6 1
sirclo/delivery/controllers/order/order.go:165.3,165.68 1 1
sirclo/delivery/controllers/order/order.go:136.19,138.4 1 1
sirclo/delivery/controllers/order/order.go:140.47,142.4 1 1
sirclo/delivery/controllers/order/order.go:146.24,148.4 1 1
sirclo/delivery/controllers/order/order.go:161.23,163.4 1 1
sirclo/delivery/controllers/user/user.go:19.46,23.2 1 1
sirclo/delivery/controllers/user/user.go:25.69,26.36 1 1
sirclo/delivery/controllers/user/user.go:26.36,29.19 2 1
sirclo/delivery/controllers/user/user.go:33.3,34.17 2 1
sirclo/delivery/controllers/user/user.go:38.3,38.39 1 1
sirclo/delivery/controllers/user/user.go:29.19,31.4 1 1
sirclo/delivery/controllers/user/user.go:34.17,36.4 1 1
sirclo/delivery/controllers/user/user.go:42.66,43.36 1 1
sirclo/delivery/controllers/user/user.go:43.36,46.19 2 1
sirclo/delivery/controllers/user/user.go:50.3,51.17 2 1
sirclo/delivery/controllers/user/user.go:54.3,56.17 2 1
sirclo/delivery/controllers/user/user.go:60.3,60.39 1 1
sirclo/delivery/controllers/user/user.go:46.19,48.4 1 1
sirclo/delivery/controllers/user/user.go:51.17,53.4 1 1
sirclo/delivery/controllers/user/user.go:56.17,58.4 1 1
sirclo/delivery/controllers/user/user.go:64.69,65.36 1 1
sirclo/delivery/controllers/user/user.go:65.36,68.19 2 1
sirclo/delivery/controllers/user/user.go:72.3,73.17 2 1
sirclo/delivery/controllers/user/user.go:76.3,76.24 1 1
sirclo/delivery/controllers/user/user.go:79.3,81.22 2 1
sirclo/delivery/controllers/user/user.go:84.3,84.83 1 1
sirclo/delivery/controllers/user/user.go:68.19,70.4 1 1
sirclo/delivery/controllers/user/user.go:73.17,75.4 1 1
sirclo/delivery/controllers/user/user.go:76.24,78.4 1 1
sirclo/delivery/controllers/user/user.go:81.22,83.4 1 1
sirclo/delivery/controllers/user/user.go:88.67,89.36 1 1
sirclo/delivery/controllers/user/user.go:89.36,92.19 2 1
sirclo/delivery/controllers/user/user.go:96.3,97.17 2 1
sirclo/delivery/controllers/user/user.go:100.3,100.24 1 1
sirclo/delivery/controllers/user/user.go:103.3,105.56 2 1
sirclo/delivery/controllers/user/user.go:109.3,118.22 4 1
sirclo/delivery/controllers/user/user.go:121.3,121.87 1 1
sirclo/delivery/controllers/user/user.go:92.19,94.4 1 1
sirclo/delivery/controllers/user/user.go:97.17,99.4 1 1
sirclo/delivery/controllers/user/user.go:100.24,102.4 1 1
sirclo/delivery/controllers/user/user.go:105.56,107.4 1 1
sirclo/delivery/controllers/user/user.go:118.22,120.4 1 1
sirclo/delivery/controllers/cart/cart.go:18.46,22.2 1 1
sirclo/delivery/controllers/cart/cart.go:24.67,25.36 1 1
sirclo/delivery/controllers/cart/cart.go:25.36,27.19 2 1
sirclo/delivery/controllers/cart/cart.go:30.3,31.17 2 1
sirclo/delivery/controllers/cart/cart.go:34.3,35.36 2 1
sirclo/delivery/controllers/cart/cart.go:39.3,39.37 1 1
sirclo/delivery/controllers/cart/cart.go:27.19,29.4 1 1
sirclo/delivery/controllers/cart/cart.go:31.17,33.4 1 1
sirclo/delivery/controllers/cart/cart.go:35.36,38.4 2 1
sirclo/delivery/controllers/cart/cart.go:43.66,44.36 1 1
sirclo/delivery/controllers/cart/cart.go:44.36,46.19 2 1
sirclo/delivery/controllers/cart/cart.go:51.3,52.17 2 1
sirclo/delivery/controllers/cart/cart.go:56.3,57.17 2 1
sirclo/delivery/controllers/cart/cart.go:61.3,61.30 1 1
sirclo/delivery/controllers/cart/cart.go:65.3,65.66 1 1
sirclo/delivery/controllers/cart/cart.go:46.19,48.4 1 1
sirclo/delivery/controllers/cart/cart.go:52.17,54.4 1 1
sirclo/delivery/controllers/cart/cart.go:57.17,59.4 1 1
sirclo/delivery/controllers/cart/cart.go:61.30,63.4 1 1
sirclo/delivery/controllers/cart/cart.go:69.69,70.36 1 1
sirclo/delivery/controllers/cart/cart.go:70.36,72.19 2 1
sirclo/delivery/controllers/cart/cart.go:75.3,76.62 2 1
sirclo/delivery/controllers/cart/cart.go:80.3,86.22 6 1
sirclo/delivery/controllers/cart/cart.go:90.3,90.87 1 1
sirclo/delivery/controllers/cart/cart.go:72.19,74.4 1 1
sirclo/delivery/controllers/cart/cart.go:76.62,78.4 1 1
sirclo/delivery/controllers/cart/cart.go:86.22,88.4 1 1
sirclo/delivery/controllers/cart/cart.go:94.67,95.36 1 1
sirclo/delivery/controllers/cart/cart.go:95.36,98.19 2 1
sirclo/delivery/controllers/cart/cart.go:102.3,103.17 2 1
sirclo/delivery/controllers/cart/cart.go:107.3,108.17 2 1
sirclo/delivery/controllers/cart/cart.go:112.3,112.34 1 1
sirclo/delivery/controllers/cart/cart.go:116.3,117.56 2 1
sirclo/delivery/controllers/cart/cart.go:121.3,125.22 4 1
sirclo/delivery/controllers/cart/cart.go:129.3,129.87 1 1
sirclo/delivery/controllers/cart/cart.go:98.19,100.4 1 1
sirclo/delivery/controllers/cart/cart.go:103.17,105.4 1 1
sirclo/delivery/controllers/cart/cart.go:108.17,110.4 1 1
sirclo/delivery/controllers/cart/cart.go:112.34,114.4 1 1
sirclo/delivery/controllers/cart/cart.go:117.56,119.4 1 1
sirclo/delivery/controllers/cart/cart.go:125.22,127.4 1 1
sirclo/delivery/controllers/cart/cart.go:133.69,134.36 1 1
sirclo/delivery/controllers/cart/cart.go:134.36,137.19 2 1
sirclo/delivery/controllers/cart/cart.go:141.3,142.17 2 1
sirclo/delivery/controllers/cart/cart.go:146.3,147.17 2 1
sirclo/delivery/controllers/cart/cart.go:151.3,151.30 1 1
sirclo/delivery/controllers/cart/cart.go:155.3,156.22 2 1
sirclo/delivery/controllers/cart/cart.go:160.3,160.83 1 1
sirclo/delivery/controllers/cart/cart.go:137.19,139.4 1 1
sirclo/delivery/controllers/cart/cart.go:142.17,144.4 1 1
sirclo/delivery/controllers/cart/cart.go:147.17,149.4 1 1
sirclo/delivery/controllers/cart/cart.go:151.30,153.4 1 1
sirclo/delivery/controllers/cart/cart.go:156.22,158.4 1 1
